# JRE version: Java(TM) SE Runtime Environment (8.0_231-b11) (build 1.8.0_231-b11)
# Java VM: Java HotSpot(TM) 64-Bit Server VM (25.231-b11 mixed mode windows-amd64 compressed oops)
Heap:
 PSYoungGen      total 110592K, used 68024K [0x00000000f5580000, 0x0000000100000000, 0x0000000100000000)
  eden space 98304K, 69% used [0x00000000f5580000,0x00000000f97ee3b8,0x00000000fb580000)
  from space 12288K, 0% used [0x00000000fb580000,0x00000000fb580000,0x00000000fc180000)
  to   space 12288K, 0% used [0x00000000ff400000,0x00000000ff400000,0x0000000100000000)
 ParOldGen       total 175104K, used 13468K [0x00000000e0000000, 0x00000000eab00000, 0x00000000f5580000)
  object space 175104K, 7% used [0x00000000e0000000,0x00000000e0d272f8,0x00000000eab00000)
 Metaspace       used 38914K, capacity 40306K, committed 40616K, reserved 1083392K
  class space    used 5361K, capacity 5676K, committed 5800K, reserved 1048576K
GC Heap History (10 events):
Event: 13.101 GC heap before
{Heap before GC invocations=5 (full 1):
 PSYoungGen      total 76288K, used 7817K [0x00000000f5580000, 0x00000000fea80000, 0x0000000100000000)
  eden space 65536K, 0% used [0x00000000f5580000,0x00000000f5580000,0x00000000f9580000)
  from space 10752K, 72% used [0x00000000fa000000,0x00000000fa7a24e8,0x00000000faa80000)
  to   space 10752K, 0% used [0x00000000f9580000,0x00000000f9580000,0x00000000fa000000)
 ParOldGen       total 175104K, used 1093K [0x00000000e0000000, 0x00000000eab00000, 0x00000000f5580000)
  object space 175104K, 0% used [0x00000000e0000000,0x00000000e0111658,0x00000000eab00000)
 Metaspace       used 20442K, capacity 21282K, committed 21296K, reserved 1067008K
  class space    used 3002K, capacity 3197K, committed 3200K, reserved 1048576K
Event: 13.225 GC heap after
Heap after GC invocations=5 (full 1):
 PSYoungGen      total 76288K, used 0K [0x00000000f5580000, 0x00000000fea80000, 0x0000000100000000)
  eden space 65536K, 0% used [0x00000000f5580000,0x00000000f5580000,0x00000000f9580000)
  from space 10752K, 0% used [0x00000000fa000000,0x00000000fa000000,0x00000000faa80000)
  to   space 10752K, 0% used [0x00000000f9580000,0x00000000f9580000,0x00000000fa000000)
 ParOldGen       total 175104K, used 7665K [0x00000000e0000000, 0x00000000eab00000, 0x00000000f5580000)
  object space 175104K, 4% used [0x00000000e0000000,0x00000000e077c4b8,0x00000000eab00000)
 Metaspace       used 20442K, capacity 21282K, committed 21296K, reserved 1067008K
  class space    used 3002K, capacity 3197K, committed 3200K, reserved 1048576K
}
Event: 16.335 GC heap before
{Heap before GC invocations=6 (full 1):
 PSYoungGen      total 76288K, used 65536K [0x00000000f5580000, 0x00000000fea80000, 0x0000000100000000)
  eden space 65536K, 100% used [0x00000000f5580000,0x00000000f9580000,0x00000000f9580000)
  from space 10752K, 0% used [0x00000000fa000000,0x00000000fa000000,0x00000000faa80000)
  to   space 10752K, 0% used [0x00000000f9580000,0x00000000f9580000,0x00000000fa000000)
 ParOldGen       total 175104K, used 7665K [0x00000000e0000000, 0x00000000eab00000, 0x00000000f5580000)
  object space 175104K, 4% used [0x00000000e0000000,0x00000000e077c4b8,0x00000000eab00000)
 Metaspace       used 25921K, capacity 26922K, committed 27136K, reserved 1073152K
  class space    used 3833K, capacity 4056K, committed 4096K, reserved 1048576K
Event: 16.353 GC heap after
Heap after GC invocations=6 (full 1):
 PSYoungGen      total 76288K, used 6586K [0x00000000f5580000, 0x00000000fcf80000, 0x0000000100000000)
  eden space 65536K, 0% used [0x00000000f5580000,0x00000000f5580000,0x00000000f9580000)
  from space 10752K, 61% used [0x00000000f9580000,0x00000000f9beea48,0x00000000fa000000)
  to   space 12800K, 0% used [0x00000000fc300000,0x00000000fc300000,0x00000000fcf80000)
 ParOldGen       total 175104K, used 7673K [0x00000000e0000000, 0x00000000eab00000, 0x00000000f5580000)
  object space 175104K, 4% used [0x00000000e0000000,0x00000000e077e4b8,0x00000000eab00000)
 Metaspace       used 25921K, capacity 26922K, committed 27136K, reserved 1073152K
  class space    used 3833K, capacity 4056K, committed 4096K, reserved 1048576K
}
Event: 19.881 GC heap before
{Heap before GC invocations=7 (full 1):
 PSYoungGen      total 76288K, used 72122K [0x00000000f5580000, 0x00000000fcf80000, 0x0000000100000000)
  eden space 65536K, 100% used [0x00000000f5580000,0x00000000f9580000,0x00000000f9580000)
  from space 10752K, 61% used [0x00000000f9580000,0x00000000f9beea48,0x00000000fa000000)
  to   space 12800K, 0% used [0x00000000fc300000,0x00000000fc300000,0x00000000fcf80000)
 ParOldGen       total 175104K, used 7673K [0x00000000e0000000, 0x00000000eab00000, 0x00000000f5580000)
  object space 175104K, 4% used [0x00000000e0000000,0x00000000e077e4b8,0x00000000eab00000)
 Metaspace       used 32623K, capacity 33764K, committed 33920K, reserved 1079296K
  class space    used 4613K, capacity 4885K, committed 4992K, reserved 1048576K
Event: 19.908 GC heap after
Heap after GC invocations=7 (full 1):
 PSYoungGen      total 109056K, used 8510K [0x00000000f5580000, 0x00000000fcd80000, 0x0000000100000000)
  eden space 98304K, 0% used [0x00000000f5580000,0x00000000f5580000,0x00000000fb580000)
  from space 10752K, 79% used [0x00000000fc300000,0x00000000fcb4fa00,0x00000000fcd80000)
  to   space 12288K, 0% used [0x00000000fb580000,0x00000000fb580000,0x00000000fc180000)
 ParOldGen       total 175104K, used 7681K [0x00000000e0000000, 0x00000000eab00000, 0x00000000f5580000)
  object space 175104K, 4% used [0x00000000e0000000,0x00000000e07804b8,0x00000000eab00000)
 Metaspace       used 32623K, capacity 33764K, committed 33920K, reserved 1079296K
  class space    used 4613K, capacity 4885K, committed 4992K, reserved 1048576K
}
Event: 21.086 GC heap before
{Heap before GC invocations=8 (full 1):
 PSYoungGen      total 109056K, used 27787K [0x00000000f5580000, 0x00000000fcd80000, 0x0000000100000000)
  eden space 98304K, 19% used [0x00000000f5580000,0x00000000f68535e0,0x00000000fb580000)
  from space 10752K, 79% used [0x00000000fc300000,0x00000000fcb4fa00,0x00000000fcd80000)
  to   space 12288K, 0% used [0x00000000fb580000,0x00000000fb580000,0x00000000fc180000)
 ParOldGen       total 175104K, used 7681K [0x00000000e0000000, 0x00000000eab00000, 0x00000000f5580000)
  object space 175104K, 4% used [0x00000000e0000000,0x00000000e07804b8,0x00000000eab00000)
 Metaspace       used 34076K, capacity 35436K, committed 35496K, reserved 1079296K
  class space    used 4712K, capacity 5006K, committed 5032K, reserved 1048576K
Event: 21.113 GC heap after
Heap after GC invocations=8 (full 1):
 PSYoungGen      total 110592K, used 6586K [0x00000000f5580000, 0x0000000100000000, 0x0000000100000000)
  eden space 98304K, 0% used [0x00000000f5580000,0x00000000f5580000,0x00000000fb580000)
  from space 12288K, 53% used [0x00000000fb580000,0x00000000fbbee898,0x00000000fc180000)
  to   space 12288K, 0% used [0x00000000ff400000,0x00000000ff400000,0x0000000100000000)
 ParOldGen       total 175104K, used 7689K [0x00000000e0000000, 0x00000000eab00000, 0x00000000f5580000)
  object space 175104K, 4% used [0x00000000e0000000,0x00000000e07824b8,0x00000000eab00000)
 Metaspace       used 34076K, capacity 35436K, committed 35496K, reserved 1079296K
  class space    used 4712K, capacity 5006K, committed 5032K, reserved 1048576K
}
Event: 21.113 GC heap before
{Heap before GC invocations=9 (full 2):
 PSYoungGen      total 110592K, used 6586K [0x00000000f5580000, 0x0000000100000000, 0x0000000100000000)
  eden space 98304K, 0% used [0x00000000f5580000,0x00000000f5580000,0x00000000fb580000)
  from space 12288K, 53% used [0x00000000fb580000,0x00000000fbbee898,0x00000000fc180000)
  to   space 12288K, 0% used [0x00000000ff400000,0x00000000ff400000,0x0000000100000000)
 ParOldGen       total 175104K, used 7689K [0x00000000e0000000, 0x00000000eab00000, 0x00000000f5580000)
  object space 175104K, 4% used [0x00000000e0000000,0x00000000e07824b8,0x00000000eab00000)
 Metaspace       used 34076K, capacity 35436K, committed 35496K, reserved 1079296K
  class space    used 4712K, capacity 5006K, committed 5032K, reserved 1048576K
Event: 21.342 GC heap after
Heap after GC invocations=9 (full 2):
 PSYoungGen      total 110592K, used 0K [0x00000000f5580000, 0x0000000100000000, 0x0000000100000000)
  eden space 98304K, 0% used [0x00000000f5580000,0x00000000f5580000,0x00000000fb580000)
  from space 12288K, 0% used [0x00000000fb580000,0x00000000fb580000,0x00000000fc180000)
  to   space 12288K, 0% used [0x00000000ff400000,0x00000000ff400000,0x0000000100000000)
 ParOldGen       total 175104K, used 13468K [0x00000000e0000000, 0x00000000eab00000, 0x00000000f5580000)
  object space 175104K, 7% used [0x00000000e0000000,0x00000000e0d272f8,0x00000000eab00000)
 Metaspace       used 34076K, capacity 35436K, committed 35496K, reserved 1079296K
  class space    used 4712K, capacity 5006K, committed 5032K, reserved 1048576K
}

